Electrostatic potential parameters

Grid information (see 1_default_grid.dat in Angstrom)
    Number of grid points:            1089

Quantum electrostatic potential (see 1_default_grid_esp.dat)

Constraints
    Charge constraints
        Total charge of   0.07053640 on the set   2
        Total charge of   0.08506012 on the set   3
        Total charge of  -0.47140684 on the set   4
        Total charge of   0.12577581 on the set   5
        Total charge of  -0.10083292 on the set   6
        Total charge of   0.36409340 on the set   7
        Total charge of  -0.49600873 on the set   8
        Total charge of  -0.04595338 on the set   9
        Total charge of   0.36252452 on the set  10
        Total charge of  -0.52858779 on the set  11
        Total charge of   0.02500877 on the set  12
        Total charge of   0.17305132 on the set  18
    Equality constraints
        Equal charges on atoms
                                 15  16  17
                                 19  20  21
                                 22  23  24

Restraint
    Hyperbolic restraint to a charge of zero
    Hydrogen atoms are not restrained
    resp_a:                           0.0010
    resp_b:                           0.1000

Fit

Electrostatic Potential Charges
   Center  Symbol       ESP      RESP
      1    C      -0.23874255 -0.20126228
      2    N       0.07053640  0.07053640
      3    C       0.08506012  0.08506012
      4    N      -0.47140684 -0.47140684
      5    C       0.12577581  0.12577581
      6    C      -0.10083292 -0.10083292
      7    C       0.36409340  0.36409340
      8    O      -0.49600873 -0.49600873
      9    N      -0.04595338 -0.04595338
     10    C       0.36252452  0.36252452
     11    O      -0.52858779 -0.52858779
     12    N       0.02500877  0.02500877
     13    C       0.03219215  0.00605368
     14    C      -0.04516988 -0.03375568
     15    H       0.12211284  0.11036605
     16    H       0.12211284  0.11036605
     17    H       0.12211284  0.11036605
     18    H       0.17305132  0.17305132
     19    H       0.04252300  0.05004313
     20    H       0.04252300  0.05004313
     21    H       0.04252300  0.05004313
     22    H       0.06485070  0.06149202
     23    H       0.06485070  0.06149202
     24    H       0.06485070  0.06149202
Total Charge:      0.00000000 -0.00000000
